Fri Apr 15 2016,14:56:50,0xff,0x00,0x04d2,read,,,,,,,,,,,,,,,,
Fri Apr 15 2016,14:56:58,0xff,0x00,0x04d2,read,,,,,,,,,,,,,,,,
Fri Apr 15 2016,15:13:56,0xff,0x01,0x0001,read,,,,,,,,,,,,,,,
Fri Apr 15 2016,15:13:59,0xff,0x01,0x0001,program,0xff,0x01,0x0001,,,,,,,,,,,,
Fri Apr 15 2016,15:14:49,0xff,0x01,0x0001,read,,,,,,,,,,,,,,,
Fri Apr 15 2016,15:14:52,0xff,0x01,0x0001,program,0xff,0x01,0x0001,,,,,,,,,,,,
Fri Apr 15 2016,15:15:32,0xff,0x01,0x0001,read,,,,,,,,,,,,,,,
Fri Apr 15 2016,15:15:36,0xff,0x01,0x0001,program,0xff,0x01,0x0001,,,,,,,,,,,,
Fri Apr 15 2016,15:17:26,0xff,0x01,0x0001,read,,,,,,,,,,,,,,,
Fri Apr 15 2016,15:17:29,0xff,0x01,0x0001,program,0xff,0x01,0x0001,,,,,,,,,,,,
Fri Apr 15 2016,15:18:22,0xff,0x01,0x0001,read,,,,,,,,,,,,,,,
Fri Apr 15 2016,15:18:26,0xff,0x01,0x0001,program,0xff,0x01,0x0001,,,,,,,,,,,,
Fri Apr 15 2016,15:19:49,0xff,0x01,0x0001,read,,,,,,,,,,,,,,,
Fri Apr 15 2016,15:19:53,0xff,0x01,0x0001,program,0xff,0x01,0x0001,,,,,,,,,,,,
Tue Apr 19 2016,12:28:27,0xff,0x01,0x0001,read,,,,,,,,,,,,,,,
Tue Apr 19 2016,12:28:31,0xff,0x01,0x0001,program,0xff,0x01,0x0001,,,,,,,,,,,,
Tue Apr 19 2016,15:12:42,0xff,0x01,0x0002,read,,,,,,,,,,,,,,,
Tue Apr 19 2016,15:13:27,0xff,0x01,0x0002,read,,,,,,,,,,,,,,,
Tue Apr 19 2016,15:13:33,0xff,0x01,0x0002,program,0xff,0x01,0x0002,,,,,,,,,,,,
Tue Apr 19 2016,15:21:32,0xff,0x0f,0xffff,read,,,,,,,,,,,,,,,
Tue Apr 19 2016,15:23:58,0xff,0x0f,0xffff,read,,,,,,,,,,,,,,,
Tue Apr 19 2016,15:24:03,0xff,0x0f,0xffff,program,0xff,0x01,0x0001,,,,,,,,,,,,
Tue Apr 19 2016,16:07:44,0xff,0x00,0x04d2,read,,,,,,,,,,,,,,,,
Tue Apr 19 2016,16:07:47,0xff,0x00,0x04d2,program,0xff,0x0f,0xffff,,,,,,,,,,,,,
Tue Apr 19 2016,16:39:25,0xff,0x01,0x0001,read,,,,,,,,,,,,,,,
Tue Apr 19 2016,16:39:55,0xff,0x01,0x0001,read,,,,,,,,,,,,,,,
Wed Apr 20 2016,11:26:10,0xff,0x0f,0xffff,read,,,,,,,,,,,,,,,,
